MPASM  5.51                   UYGULAMA-52.ASM   11-25-2018  0:48:57         PAGE  1


LOC  OBJECT CODE     LINE SOURCE TEXT
  VALUE

                      00001         LIST P=16F877A
                      00002         #INCLUDE <P16F877A.INC>
                      00001         LIST
                      00002 
                      00003 ;==========================================================================
                      00004 ;  MPASM PIC16F877A processor include
                      00005 ; 
                      00006 ;  (c) Copyright 1999-2013 Microchip Technology, All rights reserved
                      00007 ;==========================================================================
                      00008 
                      00566         LIST
2007   3F31           00003         __CONFIG H'3F31'
Warning[207]: Found label after column 1. (PWM_DEGER)
  00000018            00004         PWM_DEGER EQU 0X18
Warning[207]: Found label after column 1. (DEGER)
  00000019            00005         DEGER EQU 0X19
Warning[207]: Found label after column 1. (SAYICI1)
  00000020            00006         SAYICI1 EQU 0X20
Warning[207]: Found label after column 1. (SAYICI2)
  00000021            00007         SAYICI2 EQU 0X21
0000                  00008         ORG 0X000
0000   2801           00009         GOTO BASLA
                      00010 
0001                  00011 BASLA
0001   1683 1303      00012         BANKSEL ADCON1
0003   3006           00013         MOVLW 0X06
Message[302]: Register in operand not in bank 0.  Ensure that bank bits are correct.
0004   009F           00014         MOVWF ADCON1
0005   1283 1303      00015         BANKSEL PORTA
0007   0185           00016         CLRF PORTA
0008   1683 1303      00017         BANKSEL TRISC
Message[302]: Register in operand not in bank 0.  Ensure that bank bits are correct.
000A   1107           00018         BCF TRISC,2
000B   1683 1303      00019         BANKSEL TRISA
000D   30FF           00020         MOVLW H'FF'
Message[302]: Register in operand not in bank 0.  Ensure that bank bits are correct.
000E   0085           00021         MOVWF TRISA
000F   1283 1303      00022         BANKSEL CCP1CON
0011   300C           00023         MOVLW B'00001100'
0012   0097           00024         MOVWF CCP1CON
0013   1283 1303      00025         BANKSEL CCPR1L
0015   0195           00026         CLRF CCPR1L
0016   1683 1303      00027         BANKSEL PR2
0018   3041           00028         MOVLW D'65'
Message[302]: Register in operand not in bank 0.  Ensure that bank bits are correct.
0019   0092           00029         MOVWF PR2
001A   1283 1303      00030         BANKSEL PWM_DEGER
001C   3000           00031         MOVLW D'0'
001D   0098           00032         MOVWF PWM_DEGER
001E   1283 1303      00033         BANKSEL T2CON
0020   3006           00034         MOVLW B'00000110'
0021   0092           00035         MOVWF T2CON
0022   2045           00036         CALL PWM_ISLEM
MPASM  5.51                   UYGULAMA-52.ASM   11-25-2018  0:48:57         PAGE  2


LOC  OBJECT CODE     LINE SOURCE TEXT
  VALUE

                      00037 
0023                  00038 KONTROL
0023   1283 1303      00039         BANKSEL PORTA
0025   1A05           00040         BTFSC PORTA,4
0026   202A           00041         CALL PARLAKLIK_ARTIR
0027   1A85           00042         BTFSC PORTA,5
0028   2033           00043         CALL PARLAKLIK_AZALT
0029   2823           00044         GOTO KONTROL
                      00045 
002A                  00046 PARLAKLIK_ARTIR
002A   1283 1303      00047         BANKSEL PWM_DEGER
002C   30FF           00048         MOVLW H'FF'
002D   0218           00049         SUBWF PWM_DEGER,W
002E   1C03           00050         BTFSS STATUS,C
002F   2045           00051         CALL PWM_ISLEM
0030   0A98           00052         INCF PWM_DEGER,F
0031   203C           00053         CALL GECIKME
0032   0008           00054         RETURN
                      00055 
0033                  00056 PARLAKLIK_AZALT
0033   1283 1303      00057         BANKSEL PWM_DEGER
0035   0818           00058         MOVF PWM_DEGER,W
0036   3C00           00059         SUBLW D'0'
0037   1C03           00060         BTFSS STATUS,C
0038   2045           00061         CALL PWM_ISLEM
0039   0398           00062         DECF PWM_DEGER,F
003A   203C           00063         CALL GECIKME
003B   0008           00064         RETURN
                      00065 
003C                  00066 GECIKME
003C   30FF           00067         MOVLW 0XFF
003D   00A0           00068         MOVWF SAYICI1
                      00069 
003E                  00070 TEKRAR1
003E   30FF           00071         MOVLW 0XFF
003F   00A1           00072         MOVWF SAYICI2
                      00073 
0040                  00074 TEKRAR2
0040   0BA1           00075         DECFSZ SAYICI2,F
0041   2840           00076         GOTO TEKRAR2
0042   0BA0           00077         DECFSZ SAYICI1,F
0043   283E           00078         GOTO TEKRAR1
0044   0008           00079         RETURN
                      00080 
0045                  00081 PWM_ISLEM       
0045   1283 1303      00082         BANKSEL PWM_DEGER
0047   0818           00083         MOVF PWM_DEGER,W
0048   1283 1303      00084         BANKSEL DEGER
004A   3903           00085         ANDLW B'00000011'
004B   0099           00086         MOVWF DEGER
004C   0E19           00087         SWAPF DEGER,W
004D   39F0           00088         ANDLW B'11110000'
004E   380C           00089         IORLW B'00001100'
MPASM  5.51                   UYGULAMA-52.ASM   11-25-2018  0:48:57         PAGE  3


LOC  OBJECT CODE     LINE SOURCE TEXT
  VALUE

004F   1283 1303      00090         BANKSEL CCP1CON
0051   0818           00091         MOVF PWM_DEGER,W
0052   0099           00092         MOVWF DEGER
0053   0C99           00093         RRF DEGER,F
0054   0C19           00094         RRF DEGER,W
0055   393F           00095         ANDLW B'00111111'
0056   0095           00096         MOVWF CCPR1L
0057   0008           00097         RETURN
                      00098 
Warning[205]: Found directive in column 1. (END)
                      00099 END
MPASM  5.51                   UYGULAMA-52.ASM   11-25-2018  0:48:57         PAGE  4


SYMBOL TABLE
  LABEL                             VALUE 

ACKDT                             00000005
ACKEN                             00000004
ACKSTAT                           00000006
ADCON0                            0000001F
ADCON1                            0000009F
ADCS0                             00000006
ADCS1                             00000007
ADCS2                             00000006
ADDEN                             00000003
ADFM                              00000007
ADIE                              00000006
ADIF                              00000006
ADON                              00000000
ADRESH                            0000001E
ADRESL                            0000009E
BASLA                             00000001
BCLIE                             00000003
BCLIF                             00000003
BF                                00000000
BRGH                              00000002
C                                 00000000
C1INV                             00000004
C1OUT                             00000006
C2INV                             00000005
C2OUT                             00000007
CCP1CON                           00000017
CCP1IE                            00000002
CCP1IF                            00000002
CCP1M0                            00000000
CCP1M1                            00000001
CCP1M2                            00000002
CCP1M3                            00000003
CCP1X                             00000005
CCP1Y                             00000004
CCP2CON                           0000001D
CCP2IE                            00000000
CCP2IF                            00000000
CCP2M0                            00000000
CCP2M1                            00000001
CCP2M2                            00000002
CCP2M3                            00000003
CCP2X                             00000005
CCP2Y                             00000004
CCPR1                             00000015
CCPR1H                            00000016
CCPR1L                            00000015
CCPR2                             0000001B
CCPR2H                            0000001C
CCPR2L                            0000001B
CHS0                              00000003
CHS1                              00000004
CHS2                              00000005
CIS                               00000003
MPASM  5.51                   UYGULAMA-52.ASM   11-25-2018  0:48:57         PAGE  5


SYMBOL TABLE
  LABEL                             VALUE 

CKE                               00000006
CKP                               00000004
CM0                               00000000
CM1                               00000001
CM2                               00000002
CMCON                             0000009C
CMIE                              00000006
CMIF                              00000006
CREN                              00000004
CSRC                              00000007
CVR0                              00000000
CVR1                              00000001
CVR2                              00000002
CVR3                              00000003
CVRCON                            0000009D
CVREN                             00000007
CVROE                             00000006
CVRR                              00000005
D                                 00000005
DATA_ADDRESS                      00000005
DC                                00000001
DEGER                             00000019
D_A                               00000005
D_NOT_A                           00000005
EEADR                             0000010D
EEADRH                            0000010F
EECON1                            0000018C
EECON2                            0000018D
EEDATA                            0000010C
EEDATH                            0000010E
EEIE                              00000004
EEIF                              00000004
EEPGD                             00000007
F                                 00000001
FERR                              00000002
FSR                               00000004
GCEN                              00000007
GECIKME                           0000003C
GIE                               00000007
GO                                00000002
GO_DONE                           00000002
GO_NOT_DONE                       00000002
I2C_DATA                          00000005
I2C_READ                          00000002
I2C_START                         00000003
I2C_STOP                          00000004
IBF                               00000007
IBOV                              00000005
INDF                              00000000
INTCON                            0000000B
INTE                              00000004
INTEDG                            00000006
INTF                              00000001
MPASM  5.51                   UYGULAMA-52.ASM   11-25-2018  0:48:57         PAGE  6


SYMBOL TABLE
  LABEL                             VALUE 

IRP                               00000007
KONTROL                           00000023
NOT_A                             00000005
NOT_ADDRESS                       00000005
NOT_BO                            00000000
NOT_BOR                           00000000
NOT_DONE                          00000002
NOT_PD                            00000003
NOT_POR                           00000001
NOT_RBPU                          00000007
NOT_RC8                           00000006
NOT_T1SYNC                        00000002
NOT_TO                            00000004
NOT_TX8                           00000006
NOT_W                             00000002
NOT_WRITE                         00000002
OBF                               00000006
OERR                              00000001
OPTION_REG                        00000081
P                                 00000004
PARLAKLIK_ARTIR                   0000002A
PARLAKLIK_AZALT                   00000033
PCFG0                             00000000
PCFG1                             00000001
PCFG2                             00000002
PCFG3                             00000003
PCL                               00000002
PCLATH                            0000000A
PCON                              0000008E
PEIE                              00000006
PEN                               00000002
PIE1                              0000008C
PIE2                              0000008D
PIR1                              0000000C
PIR2                              0000000D
PORTA                             00000005
PORTB                             00000006
PORTC                             00000007
PORTD                             00000008
PORTE                             00000009
PR2                               00000092
PS0                               00000000
PS1                               00000001
PS2                               00000002
PSA                               00000003
PSPIE                             00000007
PSPIF                             00000007
PSPMODE                           00000004
PWM_DEGER                         00000018
PWM_ISLEM                         00000045
R                                 00000002
RA0                               00000000
RA1                               00000001
MPASM  5.51                   UYGULAMA-52.ASM   11-25-2018  0:48:57         PAGE  7


SYMBOL TABLE
  LABEL                             VALUE 

RA2                               00000002
RA3                               00000003
RA4                               00000004
RA5                               00000005
RB0                               00000000
RB1                               00000001
RB2                               00000002
RB3                               00000003
RB4                               00000004
RB5                               00000005
RB6                               00000006
RB7                               00000007
RBIE                              00000003
RBIF                              00000000
RC0                               00000000
RC1                               00000001
RC2                               00000002
RC3                               00000003
RC4                               00000004
RC5                               00000005
RC6                               00000006
RC7                               00000007
RC8_9                             00000006
RC9                               00000006
RCD8                              00000000
RCEN                              00000003
RCIE                              00000005
RCIF                              00000005
RCREG                             0000001A
RCSTA                             00000018
RD                                00000000
RD0                               00000000
RD1                               00000001
RD2                               00000002
RD3                               00000003
RD4                               00000004
RD5                               00000005
RD6                               00000006
RD7                               00000007
RE0                               00000000
RE1                               00000001
RE2                               00000002
READ_WRITE                        00000002
RP0                               00000005
RP1                               00000006
RSEN                              00000001
RX9                               00000006
RX9D                              00000000
R_NOT_W                           00000002
R_W                               00000002
S                                 00000003
SAYICI1                           00000020
SAYICI2                           00000021
MPASM  5.51                   UYGULAMA-52.ASM   11-25-2018  0:48:57         PAGE  8


SYMBOL TABLE
  LABEL                             VALUE 

SEN                               00000000
SMP                               00000007
SPBRG                             00000099
SPEN                              00000007
SREN                              00000005
SSPADD                            00000093
SSPBUF                            00000013
SSPCON                            00000014
SSPCON2                           00000091
SSPEN                             00000005
SSPIE                             00000003
SSPIF                             00000003
SSPM0                             00000000
SSPM1                             00000001
SSPM2                             00000002
SSPM3                             00000003
SSPOV                             00000006
SSPSTAT                           00000094
STATUS                            00000003
SYNC                              00000004
T0CS                              00000005
T0IE                              00000005
T0IF                              00000002
T0SE                              00000004
T1CKPS0                           00000004
T1CKPS1                           00000005
T1CON                             00000010
T1INSYNC                          00000002
T1OSCEN                           00000003
T1SYNC                            00000002
T2CKPS0                           00000000
T2CKPS1                           00000001
T2CON                             00000012
TEKRAR1                           0000003E
TEKRAR2                           00000040
TMR0                              00000001
TMR0IE                            00000005
TMR0IF                            00000002
TMR1                              0000000E
TMR1CS                            00000001
TMR1H                             0000000F
TMR1IE                            00000000
TMR1IF                            00000000
TMR1L                             0000000E
TMR1ON                            00000000
TMR2                              00000011
TMR2IE                            00000001
TMR2IF                            00000001
TMR2ON                            00000002
TOUTPS0                           00000003
TOUTPS1                           00000004
TOUTPS2                           00000005
TOUTPS3                           00000006
MPASM  5.51                   UYGULAMA-52.ASM   11-25-2018  0:48:57         PAGE  9


SYMBOL TABLE
  LABEL                             VALUE 

TRISA                             00000085
TRISA0                            00000000
TRISA1                            00000001
TRISA2                            00000002
TRISA3                            00000003
TRISA4                            00000004
TRISA5                            00000005
TRISB                             00000086
TRISB0                            00000000
TRISB1                            00000001
TRISB2                            00000002
TRISB3                            00000003
TRISB4                            00000004
TRISB5                            00000005
TRISB6                            00000006
TRISB7                            00000007
TRISC                             00000087
TRISC0                            00000000
TRISC1                            00000001
TRISC2                            00000002
TRISC3                            00000003
TRISC4                            00000004
TRISC5                            00000005
TRISC6                            00000006
TRISC7                            00000007
TRISD                             00000088
TRISD0                            00000000
TRISD1                            00000001
TRISD2                            00000002
TRISD3                            00000003
TRISD4                            00000004
TRISD5                            00000005
TRISD6                            00000006
TRISD7                            00000007
TRISE                             00000089
TRISE0                            00000000
TRISE1                            00000001
TRISE2                            00000002
TRMT                              00000001
TX8_9                             00000006
TX9                               00000006
TX9D                              00000000
TXD8                              00000000
TXEN                              00000005
TXIE                              00000004
TXIF                              00000004
TXREG                             00000019
TXSTA                             00000098
UA                                00000001
W                                 00000000
WCOL                              00000007
WR                                00000001
WREN                              00000002
MPASM  5.51                   UYGULAMA-52.ASM   11-25-2018  0:48:57         PAGE 10


SYMBOL TABLE
  LABEL                             VALUE 

WRERR                             00000003
Z                                 00000002
_BODEN_OFF                        00003FBF
_BODEN_ON                         00003FFF
_BOREN_OFF                        00003FBF
_BOREN_ON                         00003FFF
_CONFIG                           00002007
_CPD_OFF                          00003FFF
_CPD_ON                           00003EFF
_CP_ALL                           00001FFF
_CP_OFF                           00003FFF
_CP_ON                            00001FFF
_DEBUG_OFF                        00003FFF
_DEBUG_ON                         000037FF
_DEVID1                           00002006
_FOSC_EXTRC                       00003FFF
_FOSC_HS                          00003FFE
_FOSC_LP                          00003FFC
_FOSC_XT                          00003FFD
_HS_OSC                           00003FFE
_IDLOC0                           00002000
_IDLOC1                           00002001
_IDLOC2                           00002002
_IDLOC3                           00002003
_LP_OSC                           00003FFC
_LVP_OFF                          00003F7F
_LVP_ON                           00003FFF
_PWRTE_OFF                        00003FFF
_PWRTE_ON                         00003FF7
_RC_OSC                           00003FFF
_WDTE_OFF                         00003FFB
_WDTE_ON                          00003FFF
_WDT_OFF                          00003FFB
_WDT_ON                           00003FFF
_WRT_1FOURTH                      00003BFF
_WRT_256                          00003DFF
_WRT_HALF                         000039FF
_WRT_OFF                          00003FFF
_XT_OSC                           00003FFD
__16F877A                         00000001
__DEBUG                           1
MPASM  5.51                   UYGULAMA-52.ASM   11-25-2018  0:48:57         PAGE 11


MEMORY USAGE MAP ('X' = Used,  '-' = Unused)


0000 : XXXXXXXXXXXXXXXX XXXXXXXXXXXXXXXX XXXXXXXXXXXXXXXX XXXXXXXXXXXXXXXX
0040 : XXXXXXXXXXXXXXXX XXXXXXXX-------- ---------------- ----------------
2000 : -------X-------- ---------------- ---------------- ----------------

All other memory blocks unused.

Program Memory Words Used:    88
Program Memory Words Free:  8104


Errors   :     0
Warnings :     5 reported,     0 suppressed
Messages :     4 reported,     0 suppressed

